<?xml version="1.0" encoding="UTF-8"?>
<!-- Generated by org.testng.reporters.JUnitReportReporter -->
<testsuite name="project.Demo" tests="1" time="0.011" ignored="0" failures="0" timestamp="21 Feb 2021 04:04:56 GMT" skipped="0" hostname="DESKTOP-1335TBB" errors="0">
  <testcase name="testA" time="0.011" classname="project.Demo"/>
</testsuite> <!-- project.Demo -->
